<?xml version="1.0" encoding="UTF-8" ?>
<testsuite tests="39" failures="6" name="TestSuite" time="6.18" errors="0" skipped="0">
  <properties>
    <property name="java.runtime.name" value="Java(TM) SE Runtime Environment"/>
    <property name="java.vm.version" value="16.0.2+7-67"/>
    <property name="sun.boot.library.path" value="C:\Program Files\Java\jdk-16.0.2\bin"/>
    <property name="user.country.format" value="PK"/>
    <property name="maven.multiModuleProjectDirectory" value="C:\Users\mchughtai\IdeaProjects\Amazon_PW"/>
    <property name="java.vm.vendor" value="Oracle Corporation"/>
    <property name="java.vendor.url" value="https://java.oracle.com/"/>
    <property name="guice.disable.misplaced.annotation.check" value="true"/>
    <property name="path.separator" value=";"/>
    <property name="java.vm.name" value="Java HotSpot(TM) 64-Bit Server VM"/>
    <property name="sun.os.patch.level" value=""/>
    <property name="user.script" value=""/>
    <property name="user.country" value="US"/>
    <property name="sun.java.launcher" value="SUN_STANDARD"/>
    <property name="java.vm.specification.name" value="Java Virtual Machine Specification"/>
    <property name="user.dir" value="C:\Users\mchughtai\IdeaProjects\Amazon_PW"/>
    <property name="java.vm.compressedOopsMode" value="Zero based"/>
    <property name="java.runtime.version" value="16.0.2+7-67"/>
    <property name="os.arch" value="amd64"/>
    <property name="java.io.tmpdir" value="C:\Users\MCHUGH~1\AppData\Local\Temp\"/>
    <property name="line.separator" value="
"/>
    <property name="java.vm.specification.vendor" value="Oracle Corporation"/>
    <property name="user.variant" value=""/>
    <property name="os.name" value="Windows 10"/>
    <property name="classworlds.conf" value="C:\apache-maven-3.8.6\bin\m2.conf"/>
    <property name="sun.jnu.encoding" value="Cp1252"/>
    <property name="java.library.path" value="C:\Program Files\Java\jdk-16.0.2\bin;C:\WINDOWS\Sun\Java\bin;C:\WINDOWS\system32;C:\WINDOWS;C:\Program Files\Microsoft MPI\Bin\;C:\Program Files\Common Files\Oracle\Java\javapath;C:\WINDOWS\system32;C:\WINDOWS;C:\WINDOWS\System32\Wbem;C:\WINDOWS\System32\WindowsPowerShell\v1.0\;C:\WINDOWS\System32\OpenSSH\;C:\Program Files (x86)\Microsoft SQL Server\150\DTS\Binn\;C:\Program Files\Azure Data Studio\bin;C:\Program Files\Java;C:\Program Files (x86)\Microsoft SQL Server\150\Tools\Binn\;C:\Program Files\Microsoft SQL Server\150\Tools\Binn\;C:\Program Files\Microsoft SQL Server\150\DTS\Binn\;C:\Program Files\Microsoft SQL Server\Client SDK\ODBC\170\Tools\Binn\;C:\Program Files\nodejs\;C:\apache-maven-3.8.6\bin;C:\Program Files\Git\cmd;C:\Program Files\Docker\Docker\resources\bin;C:\Users\mchughtai\AppData\Local\Microsoft\WindowsApps;C:\Program Files\MongoDB\Server\5.0\bin;C:\Users\mchughtai\AppData\Local\Programs\mongosh\;C:\Program Files\Java;C:\Users\mchughtai\AppData\Local\Programs\Microsoft VS Code\bin;C:\Users\mchughtai\AppData\Roaming\npm;C:\Users\mchughtai\AppData\Local\GitHubDesktop\bin;."/>
    <property name="maven.conf" value="C:\apache-maven-3.8.6/conf"/>
    <property name="jdk.debug" value="release"/>
    <property name="java.class.version" value="60.0"/>
    <property name="java.specification.name" value="Java Platform API Specification"/>
    <property name="sun.management.compiler" value="HotSpot 64-Bit Tiered Compilers"/>
    <property name="os.version" value="10.0"/>
    <property name="library.jansi.path" value="C:\apache-maven-3.8.6\lib\jansi-native"/>
    <property name="user.home" value="C:\Users\mchughtai"/>
    <property name="user.timezone" value="Asia/Karachi"/>
    <property name="file.encoding" value="Cp1252"/>
    <property name="java.specification.version" value="16"/>
    <property name="user.name" value="mchughtai"/>
    <property name="java.class.path" value="C:\apache-maven-3.8.6\boot\plexus-classworlds-2.6.0.jar"/>
    <property name="org.slf4j.simpleLogger.defaultLogLevel" value="debug"/>
    <property name="java.vm.specification.version" value="16"/>
    <property name="sun.arch.data.model" value="64"/>
    <property name="sun.java.command" value="org.codehaus.plexus.classworlds.launcher.Launcher clean test -Dsunfire.suiteXmlFiles=src/main/java/org/amazon/Runner/testng.xml -e -X"/>
    <property name="java.home" value="C:\Program Files\Java\jdk-16.0.2"/>
    <property name="user.language" value="en"/>
    <property name="java.specification.vendor" value="Oracle Corporation"/>
    <property name="java.vm.info" value="mixed mode, sharing"/>
    <property name="java.version" value="16.0.2"/>
    <property name="java.vendor" value="Oracle Corporation"/>
    <property name="sun.stderr.encoding" value="cp437"/>
    <property name="maven.home" value="C:\apache-maven-3.8.6"/>
    <property name="file.separator" value="\"/>
    <property name="java.version.date" value="2021-07-20"/>
    <property name="sunfire.suiteXmlFiles" value="src/main/java/org/amazon/Runner/testng.xml"/>
    <property name="java.vendor.url.bug" value="https://bugreport.java.com/bugreport/"/>
    <property name="sun.io.unicode.encoding" value="UnicodeLittle"/>
    <property name="sun.cpu.endian" value="little"/>
    <property name="sun.stdout.encoding" value="cp437"/>
    <property name="sun.cpu.isalist" value="amd64"/>
  </properties>
  <testcase classname="org.amazon.test.BrandResultTest" name="verifyIfSamsungCheckBoxIsSelected" time="0.012">
    <failure message="Cannot invoke &quot;org.amazon.page.TVCategoryPage.selectBrandSamsung()&quot; because &quot;org.amazon.test.BrandResultTest.tvCategoryPage&quot; is null" type="java.lang.NullPointerException">java.lang.NullPointerException: Cannot invoke &quot;org.amazon.page.TVCategoryPage.selectBrandSamsung()&quot; because &quot;org.amazon.test.BrandResultTest.tvCategoryPage&quot; is null
	at org.amazon.test.BrandResultTest.verifyIfSamsungCheckBoxIsSelected(BrandResultTest.java:15)
</failure>
    <system-out>Configuring TestNG with: org.apache.maven.surefire.testng.conf.TestNG652Configurator@59a6e353
Browser name : chrome
Navigating to : http://amazon.in/
</system-out>
    <system-err>[main] INFO org.amazon.base.BaseTest - Initializing Playwright
</system-err>
  </testcase>
  <testcase classname="org.amazon.test.BrandResultTest" name="verifyResultsHeaderAvailability" time="0.002">
    <failure message="Cannot invoke &quot;org.amazon.page.BrandResultsPage.isResultsHeaderAvailable()&quot; because &quot;org.amazon.test.BrandResultTest.brandResultsPage&quot; is null" type="java.lang.NullPointerException">java.lang.NullPointerException: Cannot invoke &quot;org.amazon.page.BrandResultsPage.isResultsHeaderAvailable()&quot; because &quot;org.amazon.test.BrandResultTest.brandResultsPage&quot; is null
	at org.amazon.test.BrandResultTest.verifyResultsHeaderAvailability(BrandResultTest.java:21)
</failure>
  </testcase>
  <testcase classname="org.amazon.test.BrandResultTest" name="verifyFilteredResultsToHaveSelectedBrandName" time="0.002">
    <failure message="Cannot invoke &quot;org.amazon.page.BrandResultsPage.getFilteredResultsText()&quot; because &quot;org.amazon.test.BrandResultTest.brandResultsPage&quot; is null" type="java.lang.NullPointerException">java.lang.NullPointerException: Cannot invoke &quot;org.amazon.page.BrandResultsPage.getFilteredResultsText()&quot; because &quot;org.amazon.test.BrandResultTest.brandResultsPage&quot; is null
	at org.amazon.test.BrandResultTest.verifyFilteredResultsToHaveSelectedBrandName(BrandResultTest.java:26)
</failure>
  </testcase>
  <testcase classname="org.amazon.test.BrandResultTest" name="verifyHighToLowPriceSorting" time="0">
    <failure message="Cannot invoke &quot;org.amazon.page.BrandResultsPage.sortByPriceHighToLow()&quot; because &quot;org.amazon.test.BrandResultTest.brandResultsPage&quot; is null" type="java.lang.NullPointerException">java.lang.NullPointerException: Cannot invoke &quot;org.amazon.page.BrandResultsPage.sortByPriceHighToLow()&quot; because &quot;org.amazon.test.BrandResultTest.brandResultsPage&quot; is null
	at org.amazon.test.BrandResultTest.verifyHighToLowPriceSorting(BrandResultTest.java:34)
</failure>
  </testcase>
  <testcase classname="org.amazon.test.HomeTest" name="verifyURL" time="0.005"/>
  <testcase classname="org.amazon.test.HomeTest" name="verifyTitle" time="0.008"/>
  <testcase classname="org.amazon.test.HomeTest" name="verifySearchDropDownValues" time="0.109"/>
  <testcase classname="org.amazon.test.HomeTest" name="verifyScrollToTV" time="1.848"/>
  <testcase classname="org.amazon.test.ItemDetailPageTest" name="verifyNewTabTitleIsMatchingWithItemDescription" time="0.002">
    <failure message="Cannot invoke &quot;org.amazon.page.BrandResultsPage.openNewTab()&quot; because &quot;org.amazon.test.ItemDetailPageTest.brandResultsPage&quot; is null" type="java.lang.NullPointerException">java.lang.NullPointerException: Cannot invoke &quot;org.amazon.page.BrandResultsPage.openNewTab()&quot; because &quot;org.amazon.test.ItemDetailPageTest.brandResultsPage&quot; is null
	at org.amazon.test.ItemDetailPageTest.verifyNewTabTitleIsMatchingWithItemDescription(ItemDetailPageTest.java:17)
</failure>
  </testcase>
  <testcase classname="org.amazon.test.ItemDetailPageTest" name="verifyBulletsPointsOfAboutThisItem" time="0.006">
    <failure message="Cannot invoke &quot;org.amazon.page.ItemDetailsPage.aboutThisItem()&quot; because &quot;org.amazon.test.ItemDetailPageTest.itemDetailsPage&quot; is null" type="java.lang.NullPointerException">java.lang.NullPointerException: Cannot invoke &quot;org.amazon.page.ItemDetailsPage.aboutThisItem()&quot; because &quot;org.amazon.test.ItemDetailPageTest.itemDetailsPage&quot; is null
	at org.amazon.test.ItemDetailPageTest.verifyBulletsPointsOfAboutThisItem(ItemDetailPageTest.java:27)
</failure>
  </testcase>
  <testcase classname="org.amazon.test.TVCategoryTest" name="verifyTVCategoryURL" time="2.718"/>
  <testcase classname="org.amazon.test.TVCategoryTest" name="verifyTVCategoryTitle" time="0.994"/>
  <testcase classname="org.amazon.test.TVCategoryTest" name="verifySubOptionsCountTV" time="0.12"/>
  <testcase classname="org.amazon.test.TVCategoryTest" name="verifySubOptionsTV1" time="0.091"/>
  <testcase classname="org.amazon.test.TVCategoryTest" name="verifySubOptionsTV2" time="0.039"/>
  <testcase classname="org.amazon.test.TVCategoryTest" name="verifySubOptionsTV3" time="0.031"/>
  <testcase classname="org.amazon.test.TVCategoryTest" name="verifySubOptionsTV4" time="0.018"/>
  <testcase classname="org.amazon.test.TVCategoryTest" name="verifyResolutionHeaderAvailability" time="0.017"/>
  <testcase classname="org.amazon.test.TVCategoryTest" name="verifyAvailabilityCheck_8kResolution" time="0.011"/>
  <testcase classname="org.amazon.test.TVCategoryTest" name="verifyAvailabilityCheck_4kResolution" time="0.016"/>
  <testcase classname="org.amazon.test.TVCategoryTest" name="verifyAvailabilityCheck_1080pResolution" time="0.003"/>
  <testcase classname="org.amazon.test.TVCategoryTest" name="verifyAvailabilityCheck_768pResolution" time="0.004"/>
  <testcase classname="org.amazon.test.TVCategoryTest" name="verifyAvailabilityCheck_720pResolution" time="0.005"/>
  <testcase classname="org.amazon.test.TVCategoryTest" name="verifyAvailabilityCheck_480pResolution" time="0.004"/>
  <testcase classname="org.amazon.test.TVCategoryTest" name="verifyAvailabilityCheck_Year2022" time="0.008"/>
  <testcase classname="org.amazon.test.TVCategoryTest" name="verifyAvailabilityCheck_Year2021" time="0.008"/>
  <testcase classname="org.amazon.test.TVCategoryTest" name="verifyAvailabilityCheck_Year2020" time="0.007"/>
  <testcase classname="org.amazon.test.TVCategoryTest" name="verifyAvailabilityCheck_Year2019" time="0.011"/>
  <testcase classname="org.amazon.test.TVCategoryTest" name="verifyAvailabilityCheck_Year2018" time="0.019"/>
  <testcase classname="org.amazon.test.TVCategoryTest" name="verifyAvailabilityCheck_Year2017" time="0.014"/>
  <testcase classname="org.amazon.test.TVCategoryTest" name="verifyAvailabilityCheck_Year2016" time="0.004"/>
  <testcase classname="org.amazon.test.TVCategoryTest" name="verifyAvailabilityCheck_SmartTVPlatform" time="0.012"/>
  <testcase classname="org.amazon.test.TVCategoryTest" name="verifyAvailabilityCheck_PlatformAndroid" time="0.004"/>
  <testcase classname="org.amazon.test.TVCategoryTest" name="verifyAvailabilityCheck_PlatformFireOS" time="0.006"/>
  <testcase classname="org.amazon.test.TVCategoryTest" name="verifyAvailabilityCheck_PlatformHomeOS" time="0.004"/>
  <testcase classname="org.amazon.test.TVCategoryTest" name="verifyAvailabilityCheck_PlatformTizen" time="0.004"/>
  <testcase classname="org.amazon.test.TVCategoryTest" name="verifyAvailabilityCheck_PlatformWebOS" time="0.006"/>
  <testcase classname="org.amazon.test.TVCategoryTest" name="verifyAvailabilityCheckBrandMI" time="0.004"/>
  <testcase classname="org.amazon.test.TVCategoryTest" name="verifyAvailabilityCheckBrandSamsung" time="0.004"/>
</testsuite>